<?xml version="1.0" encoding="UTF-8"?>
<!-- Generated by org.testng.reporters.JUnitXMLReporter -->
<testsuite ignored="0" hostname="DESKTOP-MCRAO25" failures="0" tests="4" name="Test" time="7.149" errors="0" timestamp="2024-01-03T21:13:56 GMT-05:00">
  <testcase classname="testCases.HomePageTest" name="testLogo" time="1.423"/>
  <testcase classname="testCases.HomePageTest" name="testLogin" time="0.445"/>
  <testcase classname="testCases.HomePageTest" name="testsub" time="0.708"/>
  <testcase classname="testCases.HomePageTest" name="testsub2" time="1.349"/>
</testsuite> <!-- Test -->
