<?xml version="1.0" encoding="UTF-8"?>
<!-- Generated by org.testng.reporters.JUnitXMLReporter -->
<testsuite ignored="0" hostname="DESKTOP-MCRAO25" failures="0" tests="4" name="Test" time="27.481" errors="0" timestamp="2024-01-03T08:40:58 GMT-05:00">
  <testcase classname="testCases.EndToEndTest" name="LogoPrenseceTest" time="0.287"/>
  <testcase classname="testCases.EndToEndTest" name="DropDownTest" time="10.588"/>
  <testcase classname="testCases.EndToEndTest" name="AboutPageTest" time="2.071"/>
  <testcase classname="testCases.EndToEndTest" name="ContactPageTest" time="8.231"/>
</testsuite> <!-- Test -->
