<?xml version="1.0" encoding="UTF-8"?>
<!-- Generated by org.testng.reporters.JUnitXMLReporter -->
<testsuite ignored="0" hostname="DESKTOP-MCRAO25" failures="0" tests="9" name="Test" time="39.248" errors="0" timestamp="2024-01-03T20:57:40 GMT-05:00">
  <testcase classname="testCases.HomePageTest" name="testLogo" time="0.104"/>
  <testcase classname="testCases.HomePageTest" name="testLogin" time="0.912"/>
  <testcase classname="testCases.HomePageTest" name="testsub" time="1.431"/>
  <testcase classname="testCases.HomePageTest" name="testsub2" time="1.613"/>
  <testcase classname="testCases.ContactTest" name="formTest" time="7.286"/>
  <testcase classname="testCases.EndToEndTest" name="LogoPrenseceTest" time="0.24"/>
  <testcase classname="testCases.EndToEndTest" name="DropDownTest" time="9.655"/>
  <testcase classname="testCases.EndToEndTest" name="AboutPageTest" time="1.205"/>
  <testcase classname="testCases.EndToEndTest" name="ContactPageTest" time="7.19"/>
</testsuite> <!-- Test -->
