<?xml version="1.0" encoding="UTF-8"?>
<testng-results ignored="0" total="4" passed="4" failed="0" skipped="0">
  <reporter-output>
  </reporter-output>
  <suite started-at="2024-01-03T21:13:49 GMT-05:00" name="Suite" finished-at="2024-01-03T21:13:56 GMT-05:00" duration-ms="7149">
    <groups>
    </groups>
    <test started-at="2024-01-03T21:13:49 GMT-05:00" name="Test" finished-at="2024-01-03T21:13:56 GMT-05:00" duration-ms="7149">
      <class name="testCases.HomePageTest">
        <test-method is-config="true" signature="setup(java.lang.String)[pri:0, instance:testCases.HomePageTest@6caf0677]" started-at="2024-01-03T21:13:49 GMT-05:00" name="setup" finished-at="2024-01-03T21:13:52 GMT-05:00" duration-ms="3045" status="PASS">
          <params>
            <param index="0">
              <value>
                <![CDATA[chrome]]>
              </value>
            </param>
          </params>
          <reporter-output>
          </reporter-output>
        </test-method> <!-- setup -->
        <test-method signature="testLogo()[pri:1, instance:testCases.HomePageTest@6caf0677]" started-at="2024-01-03T21:13:52 GMT-05:00" name="testLogo" finished-at="2024-01-03T21:13:54 GMT-05:00" duration-ms="1423" status="PASS">
          <reporter-output>
          </reporter-output>
        </test-method> <!-- testLogo -->
        <test-method signature="testLogin()[pri:2, instance:testCases.HomePageTest@6caf0677]" started-at="2024-01-03T21:13:54 GMT-05:00" name="testLogin" finished-at="2024-01-03T21:13:54 GMT-05:00" duration-ms="445" status="PASS">
          <reporter-output>
          </reporter-output>
        </test-method> <!-- testLogin -->
        <test-method signature="testsub()[pri:3, instance:testCases.HomePageTest@6caf0677]" started-at="2024-01-03T21:13:54 GMT-05:00" name="testsub" finished-at="2024-01-03T21:13:55 GMT-05:00" duration-ms="708" status="PASS">
          <reporter-output>
          </reporter-output>
        </test-method> <!-- testsub -->
        <test-method signature="testsub2()[pri:4, instance:testCases.HomePageTest@6caf0677]" started-at="2024-01-03T21:13:55 GMT-05:00" name="testsub2" finished-at="2024-01-03T21:13:56 GMT-05:00" duration-ms="1349" status="PASS">
          <reporter-output>
          </reporter-output>
        </test-method> <!-- testsub2 -->
        <test-method is-config="true" signature="tearDown()[pri:0, instance:testCases.HomePageTest@6caf0677]" started-at="2024-01-03T21:13:56 GMT-05:00" name="tearDown" finished-at="2024-01-03T21:13:56 GMT-05:00" duration-ms="137" status="PASS">
          <reporter-output>
          </reporter-output>
        </test-method> <!-- tearDown -->
      </class> <!-- testCases.HomePageTest -->
    </test> <!-- Test -->
  </suite> <!-- Suite -->
</testng-results>
