<?xml version="1.0" encoding="UTF-8"?>
<!-- Generated by org.testng.reporters.JUnitXMLReporter -->
<testsuite ignored="0" hostname="DESKTOP-MCRAO25" failures="1" tests="1" name="EdgeTests" time="0.08" errors="0" timestamp="2023-12-31T20:51:45 GMT-05:00">
  <testcase classname="testCases.ContactTest" name="test_login" time="0.012">
    <failure type="java.lang.Error" message="Unresolved compilation problem: 
	The method initElements(SearchContext, Object) is ambiguous for the type PageFactory
">
      <![CDATA[java.lang.Error: Unresolved compilation problem: 
The method initElements(SearchContext, Object) is ambiguous for the type PageFactory

at PageObjects.BasePage.<init>(BasePage.java:15)
at PageObjects.HomePage.<init>(HomePage.java:10)
at testCases.ContactTest.test_login(ContactTest.java:17)
at java.base/java.util.ArrayList.forEach(ArrayList.java:1511)
at java.base/java.util.concurrent.FutureTask.run(FutureTask.java:264)
at java.base/java.util.concurrent.ThreadPoolExecutor.runWorker(ThreadPoolExecutor.java:1136)
at java.base/java.util.concurrent.ThreadPoolExecutor$Worker.run(ThreadPoolExecutor.java:635)
at java.base/java.lang.Thread.run(Thread.java:840)
... Removed 17 stack frames]]>
    </failure>
  </testcase> <!-- test_login -->
</testsuite> <!-- EdgeTests -->
